07:31:53.051 [TestNG-tests-3] DEBUG tests.LoginTest - Browser got closed
07:31:54.827 [TestNG-tests-3] DEBUG tests.LoginTest - Browser got launched
07:31:57.192 [TestNG-tests-3] DEBUG tests.LoginTest - Navigated to application Url
07:31:57.327 [TestNG-tests-3] DEBUG tests.LoginTest - Clicked on MyAccount option
07:31:57.992 [TestNG-tests-3] DEBUG tests.LoginTest - Clicked on login Option
07:31:58.164 [TestNG-tests-3] DEBUG tests.LoginTest - Email id got entered
07:31:58.290 [TestNG-tests-3] DEBUG tests.LoginTest - Password got entered
07:31:58.866 [TestNG-tests-3] DEBUG tests.LoginTest - Clicked on login button
07:31:58.927 [TestNG-tests-3] DEBUG tests.LoginTest - User could not login
07:31:59.092 [TestNG-tests-3] DEBUG tests.LoginTest - Browser got closed
08:01:00.409 [TestNG-tests-3] DEBUG tests.LoginTest - Browser got launched
08:01:05.672 [TestNG-tests-3] DEBUG tests.LoginTest - Navigated to application Url
08:01:06.502 [TestNG-tests-3] DEBUG tests.LoginTest - Clicked on MyAccount option
08:01:07.276 [TestNG-tests-3] DEBUG tests.LoginTest - Clicked on login Option
08:01:07.710 [TestNG-tests-3] DEBUG tests.LoginTest - Email id got entered
08:01:07.868 [TestNG-tests-3] DEBUG tests.LoginTest - Password got entered
08:01:08.966 [TestNG-tests-3] DEBUG tests.LoginTest - Clicked on login button
08:01:09.088 [TestNG-tests-3] DEBUG tests.LoginTest - User logged in
08:01:09.476 [TestNG-tests-3] DEBUG tests.LoginTest - Browser got closed
08:01:11.318 [TestNG-tests-3] DEBUG tests.LoginTest - Browser got launched
08:01:13.941 [TestNG-tests-3] DEBUG tests.LoginTest - Navigated to application Url
08:01:14.054 [TestNG-tests-3] DEBUG tests.LoginTest - Clicked on MyAccount option
08:01:14.659 [TestNG-tests-3] DEBUG tests.LoginTest - Clicked on login Option
08:01:14.853 [TestNG-tests-3] DEBUG tests.LoginTest - Email id got entered
08:01:14.965 [TestNG-tests-3] DEBUG tests.LoginTest - Password got entered
08:01:15.525 [TestNG-tests-3] DEBUG tests.LoginTest - Clicked on login button
08:01:15.600 [TestNG-tests-3] DEBUG tests.LoginTest - User could not login
08:01:15.894 [TestNG-tests-3] DEBUG tests.LoginTest - Browser got closed
08:10:19.930 [TestNG-tests-3] DEBUG tests.LoginTest - Browser got launched
08:10:24.943 [TestNG-tests-3] DEBUG tests.LoginTest - Navigated to application Url
08:10:25.974 [TestNG-tests-3] DEBUG tests.LoginTest - Clicked on MyAccount option
08:10:27.179 [TestNG-tests-3] DEBUG tests.LoginTest - Clicked on login Option
08:10:27.598 [TestNG-tests-3] DEBUG tests.LoginTest - Email id got entered
08:10:27.817 [TestNG-tests-3] DEBUG tests.LoginTest - Password got entered
08:10:29.068 [TestNG-tests-3] DEBUG tests.LoginTest - Clicked on login button
08:10:29.271 [TestNG-tests-3] DEBUG tests.LoginTest - User logged in
08:10:29.416 [TestNG-tests-3] DEBUG tests.LoginTest - Browser got closed
08:10:31.144 [TestNG-tests-3] DEBUG tests.LoginTest - Browser got launched
08:10:33.605 [TestNG-tests-3] DEBUG tests.LoginTest - Navigated to application Url
08:10:33.793 [TestNG-tests-3] DEBUG tests.LoginTest - Clicked on MyAccount option
08:10:34.520 [TestNG-tests-3] DEBUG tests.LoginTest - Clicked on login Option
08:10:34.698 [TestNG-tests-3] DEBUG tests.LoginTest - Email id got entered
08:10:34.813 [TestNG-tests-3] DEBUG tests.LoginTest - Password got entered
08:10:35.392 [TestNG-tests-3] DEBUG tests.LoginTest - Clicked on login button
08:10:35.454 [TestNG-tests-3] DEBUG tests.LoginTest - User could not login
08:10:35.606 [TestNG-tests-3] DEBUG tests.LoginTest - Browser got closed
09:18:59.028 [TestNG-tests-3] DEBUG tests.LoginTest - Browser got launched
09:19:05.139 [TestNG-tests-3] DEBUG tests.LoginTest - Navigated to application Url
09:19:06.308 [TestNG-tests-3] DEBUG tests.LoginTest - Clicked on MyAccount option
09:19:06.986 [TestNG-tests-3] DEBUG tests.LoginTest - Clicked on login Option
09:19:07.225 [TestNG-tests-3] DEBUG tests.LoginTest - Email id got entered
09:19:07.374 [TestNG-tests-3] DEBUG tests.LoginTest - Password got entered
09:19:08.532 [TestNG-tests-3] DEBUG tests.LoginTest - Clicked on login button
09:19:08.644 [TestNG-tests-3] DEBUG tests.LoginTest - User logged in
09:19:09.484 [TestNG-tests-3] DEBUG tests.LoginTest - Browser got closed
09:19:11.239 [TestNG-tests-3] DEBUG tests.LoginTest - Browser got launched
09:19:13.856 [TestNG-tests-3] DEBUG tests.LoginTest - Navigated to application Url
09:19:13.957 [TestNG-tests-3] DEBUG tests.LoginTest - Clicked on MyAccount option
09:19:14.518 [TestNG-tests-3] DEBUG tests.LoginTest - Clicked on login Option
09:19:14.655 [TestNG-tests-3] DEBUG tests.LoginTest - Email id got entered
09:19:14.809 [TestNG-tests-3] DEBUG tests.LoginTest - Password got entered
09:19:15.782 [TestNG-tests-3] DEBUG tests.LoginTest - Clicked on login button
09:19:15.840 [TestNG-tests-3] DEBUG tests.LoginTest - User could not login
09:19:16.191 [TestNG-tests-3] DEBUG tests.LoginTest - Browser got closed
